[    0.000000] Linux version 4.15.0-42-generic (buildd@lgw01-amd64-023) (gcc version 7.3.0 (Ubuntu 7.3.0-16ubuntu3)) #45-Ubuntu SMP Thu Nov 15 19:32:57 UTC 2018 (Ubuntu 4.15.0-42.45-generic 4.15.18)
[    0.000000] Command line: BOOT_IMAGE=/boot/vmlinuz-4.15.0-42-generic root=UUID=02ed4d94-89e1-4ebb-b5ad-4789b97c1162 ro console=tty1 console=ttyS0
[    0.000000] KERNEL supported cpus:
[    0.000000]   Intel GenuineIntel
[    0.000000]   AMD AuthenticAMD
[    0.000000]   Centaur CentaurHauls
[    0.000000] x86/fpu: x87 FPU will use FXSAVE
[    0.000000] e820: BIOS-provided physical RAM map:
[    0.000000] BIOS-e820: [mem 0x0000000000000000-0x000000000009fbff] usable
[    0.000000] BIOS-e820: [mem 0x000000000009fc00-0x000000000009ffff] reserved
[    0.000000] BIOS-e820: [mem 0x00000000000f0000-0x00000000000fffff] reserved
[    0.000000] BIOS-e820: [mem 0x0000000000100000-0x000000007ffeffff] usable
[    0.000000] BIOS-e820: [mem 0x000000007fff0000-0x000000007fffffff] ACPI data
[    0.000000] BIOS-e820: [mem 0x00000000fec00000-0x00000000fec00fff] reserved
[    0.000000] BIOS-e820: [mem 0x00000000fee00000-0x00000000fee00fff] reserved
[    0.000000] BIOS-e820: [mem 0x00000000fffc0000-0x00000000ffffffff] reserved
[    0.000000] NX (Execute Disable) protection: active
[    0.000000] SMBIOS 2.5 present.
[    0.000000] DMI: innotek GmbH VirtualBox/VirtualBox, BIOS VirtualBox 12/01/2006
[    0.000000] Hypervisor detected: KVM
[    0.000000] e820: last_pfn = 0x7fff0 max_arch_pfn = 0x400000000
[    0.000000] MTRR: Disabled
[    0.000000] x86/PAT: MTRRs disabled, skipping PAT initialization too.
[    0.000000] CPU MTRRs all blank - virtualized system.
[    0.000000] x86/PAT: Configuration [0-7]: WB  WT  UC- UC  WB  WT  UC- UC  
[    0.000000] found SMP MP-table at [mem 0x0009fff0-0x0009ffff] mapped at [        (ptrval)]
[    0.000000] Scanning 1 areas for low memory corruption
[    0.000000] RAMDISK: [mem 0x359d5000-0x36ce1fff]
[    0.000000] ACPI: Early table checksum verification disabled
[    0.000000] ACPI: RSDP 0x00000000000E0000 000024 (v02 VBOX  )
[    0.000000] ACPI: XSDT 0x000000007FFF0030 00003C (v01 VBOX   VBOXXSDT 00000001 ASL  00000061)
[    0.000000] ACPI: FACP 0x000000007FFF00F0 0000F4 (v04 VBOX   VBOXFACP 00000001 ASL  00000061)
[    0.000000] ACPI: DSDT 0x000000007FFF0470 0021FF (v02 VBOX   VBOXBIOS 00000002 INTL 20180105)
[    0.000000] ACPI: FACS 0x000000007FFF0200 000040
[    0.000000] ACPI: FACS 0x000000007FFF0200 000040
[    0.000000] ACPI: APIC 0x000000007FFF0240 00005C (v02 VBOX   VBOXAPIC 00000001 ASL  00000061)
[    0.000000] ACPI: SSDT 0x000000007FFF02A0 0001CC (v01 VBOX   VBOXCPUT 00000002 INTL 20180105)
[    0.000000] No NUMA configuration found
[    0.000000] Faking a node at [mem 0x0000000000000000-0x000000007ffeffff]
[    0.000000] NODE_DATA(0) allocated [mem 0x7ffc5000-0x7ffeffff]
[    0.000000] kvm-clock: cpu 0, msr 0:7ff44001, primary cpu clock
[    0.000000] kvm-clock: Using msrs 4b564d01 and 4b564d00
[    0.000000] kvm-clock: using sched offset of 4808631278 cycles
[    0.000000] clocksource: kvm-clock: mask: 0xffffffffffffffff max_cycles: 0x1cd42e4dffb, max_idle_ns: 881590591483 ns
[    0.000000] Zone ranges:
[    0.000000]   DMA      [mem 0x0000000000001000-0x0000000000ffffff]
[    0.000000]   DMA32    [mem 0x0000000001000000-0x000000007ffeffff]
[    0.000000]   Normal   empty
[    0.000000]   Device   empty
[    0.000000] Movable zone start for each node
[    0.000000] Early memory node ranges
[    0.000000]   node   0: [mem 0x0000000000001000-0x000000000009efff]
[    0.000000]   node   0: [mem 0x0000000000100000-0x000000007ffeffff]
[    0.000000] Initmem setup node 0 [mem 0x0000000000001000-0x000000007ffeffff]
[    0.000000] Reserved but unavailable: 98 pages
[    0.000000] ACPI: PM-Timer IO Port: 0x4008
[    0.000000] IOAPIC[0]: apic_id 2, version 32, address 0xfec00000, GSI 0-23
[    0.000000] ACPI: INT_SRC_OVR (bus 0 bus_irq 0 global_irq 2 dfl dfl)
[    0.000000] ACPI: INT_SRC_OVR (bus 0 bus_irq 9 global_irq 9 low level)
[    0.000000] Using ACPI (MADT) for SMP configuration information
[    0.000000] smpboot: Allowing 2 CPUs, 0 hotplug CPUs
[    0.000000] PM: Registered nosave memory: [mem 0x00000000-0x00000fff]
[    0.000000] PM: Registered nosave memory: [mem 0x0009f000-0x0009ffff]
[    0.000000] PM: Registered nosave memory: [mem 0x000a0000-0x000effff]
[    0.000000] PM: Registered nosave memory: [mem 0x000f0000-0x000fffff]
[    0.000000] e820: [mem 0x80000000-0xfebfffff] available for PCI devices
[    0.000000] Booting paravirtualized kernel on KVM
[    0.000000] clocksource: refined-jiffies: mask: 0xffffffff max_cycles: 0xffffffff, max_idle_ns: 7645519600211568 ns
[    0.000000] random: get_random_bytes called from start_kernel+0x99/0x4fd with cng_init=0
[    0.000000] setup_percpu: NR_CPUS:8192 nr_cpumask_bits:2 nr_cpu_ids:2 nr_node_ids:1
[    0.000000] percpu: Embedded 46 pages/cpu @        (ptrval) s151552 r8192 d28672 u1048576
[    0.000000] PV qspinlock hash table entries: 256 (order: 0, 4096 bytes)
[    0.000000] Built 1 zonelists, mobility grouping on.  Total pages: 515961
[    0.000000] Policy zone: DMA32
[    0.000000] Kernel command line: BOOT_IMAGE=/boot/vmlinuz-4.15.0-42-generic root=UUID=02ed4d94-89e1-4ebb-b5ad-4789b97c1162 ro console=tty1 console=ttyS0
[    0.000000] Memory: 2015268K/2096696K available (12300K kernel code, 2472K rwdata, 4252K rodata, 2408K init, 2416K bss, 81428K reserved, 0K cma-reserved)
[    0.000000] SLUB: HWalign=64, Order=0-3, MinObjects=0, CPUs=2, Nodes=1
[    0.000000] Kernel/User page tables isolation: enabled
[    0.000000] ftrace: allocating 39186 entries in 154 pages
[    0.004000] Hierarchical RCU implementation.
[    0.004000] 	RCU restricting CPUs from NR_CPUS=8192 to nr_cpu_ids=2.
[    0.004000] 	Tasks RCU enabled.
[   0.004000] RCU: Adjusting geometry for rcu_fanout_leaf=16, nr_cpu_ids=2
[    0.004000] NR_IRQS: 524544, nr_irqs: 440, preallocated irqs: 16
[    0.004000] Console: colour VGA+ 80x25
[    0.004000] console [tty1] enabled
[    0.004000] console [ttyS0] enabled
[    0.004000] ACPI: Core revision 20170831
[    0.004000] ACPI: 2 ACPI AML tables successfully acquired and loaded
[    0.004000] APIC: Switch to symmetric I/O mode setup
[    0.004346] x2apic enabled
[    0.008006] Switched APIC routing to physical x2apic.
[    0.013333] ..TIMER: vector=0x30 apic1=0 pin1=2 apic2=-1 pin2=-1
[    0.016004] tsc: Detected 2526.998 MHz processor
[    0.020013] Calibrating delay loop (skipped) preset value.. 5053.99 BogoMIPS (lpj=10107992)
[    0.024008] pid_max: default: 32768 minimum: 301
[    0.028048] Security Framework initialized
[    0.032004] Yama: becoming mindful.
[    0.036033] AppArmor: AppArmor initialized
[    0.040940] Dentry cache hash table entries: 262144 (order: 9, 2097152 bytes)
[    0.044797] Inode-cache hash table entries: 131072 (order: 8, 1048576 bytes)
[    0.048021] Mount-cache hash table entries: 4096 (order: 3, 32768 bytes)
[    0.049253] Mountpoint-cache hash table entries: 4096 (order: 3, 32768 bytes)
[    0.056357] mce: CPU supports 0 MCE banks
[    0.060025] Last level iTLB entries: 4KB 512, 2MB 7, 4MB 7
[    0.064004] Last level dTLB entries: 4KB 512, 2MB 32, 4MB 32, 1GB 0
[    0.068007] Spectre V2 : Mitigation: Full generic retpoline
[    0.072007] Spectre V2 : Spectre v2 / SpectreRSB mitigation: Filling RSB on context switch
[    0.076003] Speculative Store Bypass: Vulnerable
[    0.080136] Freeing SMP alternatives memory: 36K
[    0.088000] smpboot: CPU0: Intel(R) Xeon(R) CPU           E5540  @ 2.53GHz (family: 0x6, model: 0x1a, stepping: 0x5)
[    0.088093] Performance Events: unsupported p6 CPU model 26 no PMU driver, software events only.
[    0.092096] Hierarchical SRCU implementation.
[    0.096633] NMI watchdog: Perf event create on CPU 0 failed with -2
[    0.100003] NMI watchdog: Perf NMI watchdog permanently disabled
[    0.104068] smp: Bringing up secondary CPUs ...
[    0.108124] x86: Booting SMP configuration:
[    0.112004] .... node  #0, CPUs:      #1
[    0.004000] kvm-clock: cpu 1, msr 0:7ff44041, secondary cpu clock
[    0.004000] mce: CPU supports 0 MCE banks
[    0.580083] smp: Brought up 1 node, 2 CPUs
[    0.584011] smpboot: Max logical packages: 1
[    0.588008] smpboot: Total of 2 processors activated (10107.99 BogoMIPS)
[    0.596154] devtmpfs: initialized
[    0.600071] x86/mm: Memory block size: 128MB
[    0.604294] evm: security.selinux
[    0.608004] evm: security.SMACK64
[    0.612004] evm: security.SMACK64EXEC
[    0.616003] evm: security.SMACK64TRANSMUTE
[    0.620003] evm: security.SMACK64MMAP
[    0.624010] evm: security.apparmor
[    0.628003] evm: security.ima
[    0.632003] evm: security.capability
[    0.636144] clocksource: jiffies: mask: 0xffffffff max_cycles: 0xffffffff, max_idle_ns: 7645041785100000 ns
[    0.640014] futex hash table entries: 512 (order: 3, 32768 bytes)
[    0.644075] pinctrl core: initialized pinctrl subsystem
[    0.648152] RTC time: 15:09:47, date: 01/20/19
[    0.652346] NET: Registered protocol family 16
[    0.656092] audit: initializing netlink subsys (disabled)
[    0.664021] audit: type=2000 audit(1547996962.478:1): state=initialized audit_enabled=0 res=1
[    0.796027] cpuidle: using governor ladder
[    0.800014] cpuidle: using governor menu
[    0.804063] ACPI: bus type PCI registered
[    0.808008] acpiphp: ACPI Hot Plug PCI Controller Driver version: 0.5
[    0.812193] PCI: Using configuration type 1 for base access
[    0.821139] HugeTLB registered 2.00 MiB page size, pre-allocated 0 pages
[    0.828015] ACPI: Added _OSI(Module Device)
[    0.832010] ACPI: Added _OSI(Processor Device)
[    0.836004] ACPI: Added _OSI(3.0 _SCP Extensions)
[    0.840004] ACPI: Added _OSI(Processor Aggregator Device)
[    0.844005] ACPI: Added _OSI(Linux-Dell-Video)
[    0.848005] ACPI: Added _OSI(Linux-Lenovo-NV-HDMI-Audio)
[    0.852367] ACPI: Executed 1 blocks of module-level executable AML code
[    0.860849] ACPI: Interpreter enabled
[    0.864020] ACPI: (supports S0 S5)
[    0.868005] ACPI: Using IOAPIC for interrupt routing
[    0.872336] PCI: Using host bridge windows from ACPI; if necessary, use "pci=nocrs" and report a bug
[    0.880132] ACPI: Enabled 2 GPEs in block 00 to 07
[    0.895047] ACPI: PCI Root Bridge [PCI0] (domain 0000 [bus 00-ff])
[    0.896012] acpi PNP0A03:00: _OSC: OS supports [ASPM ClockPM Segments MSI]
[    0.900043] acpi PNP0A03:00: _OSC: not requesting OS control; OS requires [ExtendedConfig ASPM ClockPM MSI]
[    0.904041] acpi PNP0A03:00: fail to add MMCONFIG information, can't access extended PCI configuration space under this bridge.
[    0.908503] PCI host bridge to bus 0000:00
[    0.912007] pci_bus 0000:00: root bus resource [io  0x0000-0x0cf7 window]
[    0.916006] pci_bus 0000:00: root bus resource [io  0x0d00-0xffff window]
[    0.920009] pci_bus 0000:00: root bus resource [mem 0x000a0000-0x000bffff window]
[    0.924015] pci_bus 0000:00: root bus resource [mem 0x80000000-0xfdffffff window]
[    0.928011] pci_bus 0000:00: root bus resource [bus 00-ff]
[    0.937571] pci 0000:00:01.1: legacy IDE quirk: reg 0x10: [io  0x01f0-0x01f7]
[    0.940005] pci 0000:00:01.1: legacy IDE quirk: reg 0x14: [io  0x03f6]
[    0.944005] pci 0000:00:01.1: legacy IDE quirk: reg 0x18: [io  0x0170-0x0177]
[    0.948012] pci 0000:00:01.1: legacy IDE quirk: reg 0x1c: [io  0x0376]
[    0.992821] pci 0000:00:07.0: quirk: [io  0x4000-0x403f] claimed by PIIX4 ACPI
[    0.996046] pci 0000:00:07.0: quirk: [io  0x4100-0x410f] claimed by PIIX4 SMB
[    1.031581] ACPI: PCI Interrupt Link [LNKA] (IRQs 5 9 10 *11)
[    1.032708] ACPI: PCI Interrupt Link [LNKB] (IRQs 5 9 *10 11)
[    1.036256] ACPI: PCI Interrupt Link [LNKC] (IRQs 5 *9 10 11)
[    1.040239] ACPI: PCI Interrupt Link [LNKD] (IRQs 5 9 10 *11)
[    1.044777] SCSI subsystem initialized
[    1.052112] pci 0000:00:02.0: vgaarb: setting as boot VGA device
[    1.056000] pci 0000:00:02.0: vgaarb: VGA device added: decodes=io+mem,owns=io+mem,locks=none
[    1.056018] pci 0000:00:02.0: vgaarb: bridge control possible
[    1.060004] vgaarb: loaded
[    1.064074] ACPI: bus type USB registered
[    1.068035] usbcore: registered new interface driver usbfs
[    1.072025] usbcore: registered new interface driver hub
[    1.076038] usbcore: registered new device driver usb
[    1.080093] EDAC MC: Ver: 3.0.0
[    1.084268] PCI: Using ACPI for IRQ routing
[    1.088333] NetLabel: Initializing
[    1.092004] NetLabel:  domain hash size = 128
[    1.096008] NetLabel:  protocols = UNLABELED CIPSOv4 CALIPSO
[    1.100032] NetLabel:  unlabeled traffic allowed by default
[    1.104133] clocksource: Switched to clocksource kvm-clock
[    1.285361] VFS: Disk quotas dquot_6.6.0
[  1991]FSDqt-chha tlentes51(oer, 4096 bytes)
[    2.328361] AppArmor: AppArmor Filesystem Enabled
[    2.478038] pnp: PnP ACPI init
[  2802]npPnAC: un3 vis
[  35012] clocksource: aci_: sk0xff m_cle 0fff,axdlns207024s   4.204356] NET: Registered protocol family 2
[    4.499545] TCP established hash table entries: 16384 (order: 5, 131072 bytes)
[    4.909335] TCP bind hash table entries: 16384 (order: 6, 262144 bytes)
[    5.279936] TCP: Hash tables configured (established 16384 bind 63)  5.82] P shab eri: 24(order: 3, 32768 bytes)
[    6.409257] UDP-Lite hash tablentes10 (de 3 368yt)  7.53] ET: Registered protocol family 1
[    7.449168] pci 0000:00:00.0: Limiting direct PCI/PCI transfers
  7.91] i 000:.0Acvaing ISA DMA hang workarounds
[    8.429270] pci 0000:00:02.0: Video device with shadowed ROM at [mem 0x000c0000-0x000dffff]
[    8.889560] Unpacking initramfs...
[    9.408835] Freeing initrd memory: 19508K
[    9.551554] platform rtc_cmos: registered platform RTC device (no PNP device found)
[   10.088240] Scanning for low memory corruption every 60 seconds
[   10.319593] Initialise system trusted keyrings
[   10.324498] Key type blacklist registered
[   10.327049] workingset: timestamp_bits=36 max_order=19 bucket_order=0
[   10.330575] zbud: loaded
[   10.331841] squashfs: version 4.0 (2009/01/31) Phillip Lougher
[   10.858010] tsc: Refined TSC clocksource calibration: 2528.199 MHz
[   11.428140] clocksource: tsc: mask: 0xffffffffffffffff max_cycles: 0x247148565d5, max_idle_ns: 440795316431 ns
[   11.428368] fuse init (API version 7.26)
[   11.430372] Key type asymmetric registered
[   11.430374] Asymmetric key parser 'x509' registered
[   11.430429] Block layer SCSI generic (bsg) driver version 0.4 loaded (major 246)
[   11.430538] io scheduler noop registered
[   11.430540] io scheduler deadline registered
[   11.430632] io scheduler cfq registered (default)
[   12.208556] ACPI: AC Adapter [AC] (on-line)
[   12.353925] input: Power Button as /devices/LNXSYSTM:00/LNXPWRBN:00/input/input0
[   12.601326] ACPI: Power Button [PWRF]
[   12.610413] input: Sleep Button as /devices/LNXSYSTM:00/LNXSLPBN:00/input/input1
[   12.612867] ACPI: Sleep Button [SLPF]
[   12.614857] Serial: 8250/16550 driver, 32 ports, IRQ sharing enabled
[   12.641484] 00:02: ttyS0 at I/O 0x3f8 (irq = 4, base_baud = 115200) is a 16550A
[   12.718316] Linux agpgart interface v0.103
[   12.723385] loop: module loaded
[   12.741840] scsi host0: ata_piix
[   12.854121] scsi host1: ata_piix
[   12.973828] ata1: PATA max UDMA/33 cmd 0x1f0 ctl 0x3f6 bmdma 0xd000 irq 14
[   13.291122] ata2: PATA max UDMA/33 cmd 0x170 ctl 0x376 bmdma 0xd008 irq 15
[   13.503578] libphy: Fixed MDIO Bus: probed
[   13.629383] tun: Universal TUN/TAP device driver, 1.6
[   13.782133] PPP generic driver version 2.4.2
[   13.848033] ehci_hcd: USB 2.0 'Enhanced' Host Controller (EHCI) Driver
[   13.945301] ehci-pci: EHCI PCI platform driver
[   14.075560] ehci-platform: EHCI generic platform driver
[   14.234344] ohci_hcd: USB 1.1 'Open' Host Controller (OHCI) Driver
[   14.427564] ohci-pci: OHCI PCI platform driver
[   14.565063] ohci-platform: OHCI generic platform driver
[   14.849166] uhci_hcd: USB Universal HostCoroerntrface driver
[   15.268135] i8042: PNP: PS/2 Controller [PNP0303:PS2K,PNP0f03:PS2M] at 0x60,0x64 irq 1,12
[   15.588627] serio: i8042 KBD port at 0x60,0x64 irq 1
[   15.759218] serio: i8042 AUX port at 0x60,0x64 irq 12
  5.93] usev PS/2 mouse device common for all mice
[   16.348639] rtc_cmos rtc_cmos: rtc core: registered rtc_cmos as rtc0
[   16.582337] rtc_cmos rtc_cmos: alarms up to one day, 114 bytes nvram
[   16.816792] i2c /dev entries driver
[   16.999221] pcie_mp2_amd: AMD(R) PCI-E MP2 Communication Driver Version: 1.0
[   17.389381] input: AT Translated Set 2 keyboard as /devices/platform/i8042/serio0/input/input2
[   17.560375] device-mapper: uevent: version 1.0.3
[   17.678491] device-mapper: ioctl: 4.37.0-ioctl (2017-09-20) initialised: dm-devel@redhat.com
[   18.348320] ledtrig-cpu: registered to indicate activity on CPUs
[   18.350372] NET: Registered protocol family 10
[   18.358770] Segment Routing with IPv6
[   18.359514] NET: Registered protocol family 17
[   18.360496] Key type dns_resolver registered
[   18.361702] RAS: Correctable Errors collector initialized.
[   18.362738] sched_clock: Marking stable (18361637378, 0)->(56252745002, -37891107624)
[   18.365218] registered taskstats version 1
[   18.366032] Loading compiled-in X.509 certificates
[   18.371449] Loaded X.509 cert 'Build time autogenerated kernel key: 1663f0131deec003b89e364b3e1eacfdeb38eccf'
[   18.373339] zswap: loaded using pool lzo/zbud
[   18.380730] Key type big_key registered
[   18.381488] Key type trusted registered
[   18.385701] Key type encrypted registered
[   18.386481] AppArmor: AppArmor sha1 policy hashing enabled
[   18.387489] ima: No TPM chip found, activating TPM-bypass! (rc=-19)
[   18.388719] ima: Allocated hash algorithm: sha1
[   18.389604] evm: HMAC attrs: 0x1
[   18.390562]   Magic number: 3:678:184
[   18.391518] rtc_cmos rtc_cmos: setting system clock to 2019-01-20 15:10:12 UTC (1547997012)
[   18.393376] BIOS EDD facility v0.16 2004-Jun-25, 0 devices found
[   18.394480] EDD information not available.
[   18.398423] Freeing unused kernel memory: 2408K
[   18.427705] Write protecting the kernel read-only data: 20480k
[   18.679109] Freeing unused kernel memory: 2008K
[   18.684784] Freeing unused kernel memory: 1892K
[   18.694495] x86/mm: Checked W+X mappings: passed, no W+X pages found.
[   19.338048] x86/mm: Checking user space page tables
[   19.796756] x86/mm: Checked W+X mappings: passed, no W+X pages found.
Loading, please wait...
starting version 237
[   20.353465] e1000: Intel(R) PRO/1000 Network Driver - version 7.3.21-k8-NAPI
[   20.519197] e1000: Copyright (c) 1999-2006 Intel Corporation.
[   20.566321] Fusion MPT base driver 3.04.20
[   20.575046] Copyright (c) 1999-2008 LSI Corporation
[   20.593423] Fusion MPT SPI Host driver 3.04.20
[   20.782115] input: ImExPS/2 Generic Explorer Mouse as /devices/platform/i8042/serio1/input/input4
[   20.996107] e1000 0000:00:03.0 eth0: (PCI:33MHz:32-bit) 02:37:44:80:7e:2c
[   21.018434] e1000 0000:00:03.0 eth0: Intel(R) PRO/1000 Network Connection
[   21.636468] e1000 0000:00:08.0 eth1: (PCI:33MHz:32-bit) 08:00:27:1e:17:82
[   22.018358] e1000 0000:00:08.0 eth1: Intel(R) PRO/1000 Network Connection
[   22.372295] e1000 0000:00:03.0 enp0s3: renamed from eth0
[   22.548956] mptbase: ioc0: Initiating bringup
[   22.696659] e1000 0000:00:08.0 enp0s8: renamed from eth1
[   22.940722] ioc0: LSI53C1030 A0: Capabilities={Initiator}
[   24.544565] scsi host2: ioc0: LSI53C1030 A0, FwRev=00000000h, Ports=1, MaxQ=256, IRQ=20
[   25.668811] scsi 2:0:0:0: Direct-Access     VBOX     HARDDISK         1.0  PQ: 0 ANSI: 5
[   26.592050] scsi target2:0:0: Beginning Domain Validation
[   27.051044] scsi target2:0:0: Domain Validation skipping write tests
[   27.059623] scsi target2:0:0: Ending Domain Validation
[   27.069238] scsi target2:0:0: asynchronous
[   27.071774] scsi 2:0:1:0: Direct-Access     VBOX     HARDDISK         1.0  PQ: 0 ANSI: 5
[   27.108346] scsi target2:0:1: Beginning Domain Validation
[   27.688961] random: fast init done
[   27.862951] scsi target2:0:1: Domain Validation skipping write tests
[   27.869752] scsi target2:0:1: Ending Domain Validation
[   27.871733] scsi target2:0:1: asynchronous
[   27.883218] random: systemd-udevd: uninitialized urandom read (16 bytes read)
[   27.883281] sd 2:0:0:0: Attached scsi generic sg0 type 0
[   27.883619] sd 2:0:1:0: Attached scsi generic sg1 type 0
[   27.904224] random: systemd-udevd: uninitialized urandom read (16 bytes read)
[   27.909389] random: systemd-udevd: uninitialized urandom read (16 bytes read)
[   27.911401] sd 2:0:0:0: [sda] 20971520 512-byte logical blocks: (10.7 GB/10.0 GiB)
[   27.911416] sd 2:0:1:0: [sdb] 20480 512-byte logical blocks: (10.5 MB/10.0 MiB)
[   27.914579] sd 2:0:1:0: [sdb] Write Protect is off
[   27.923854] sd 2:0:1:0: [sdb] Incomplete mode parameter data
[   27.923967] sd 2:0:0:0: [sda] Write Protect is off
[   27.924236] sd 2:0:0:0: [sda] Incomplete mode parameter data
[   27.924238] sd 2:0:0:0: [sda] Assuming drive cache: write through
[   27.931673] sd 2:0:1:0: [sdb] Assuming drive cache: write through
[   27.933519]  sda: sda1
[   27.934412] sd 2:0:0:0: [sda] Attached SCSI disk
[   28.336423] sd 2:0:1:0: [sdb] Attached SCSI disk
Begin: Loading essential drivers ... [   30.227865] raid6: sse2x1   gen()  4163 MB/s
[   30.365314] raid6: sse2x1   xor()  3147 MB/s
[   30.417670] raid6: sse2x2   gen()  4831 MB/s
[   30.467764] raid6: sse2x2   xor()  3662 MB/s
[   30.524742] raid6: sse2x4   gen()  5572 MB/s
[   30.577771] raid6: sse2x4   xor()  4061 MB/s
[   30.669136] raid6: using algorithm sse2x4 gen() 5572 MB/s
[   30.671310] raid6: .... xor() 4061 MB/s, rmw enabled
[   30.708621] raid6: using ssse3x2 recovery algorithm
[   30.713831] xor: measuring software checksum speed
[   30.752337]    prefetch64-sse:  6950.000 MB/sec
[   30.792335]    generic_sse:  6164.000 MB/sec
[   30.794139] xor: using function: prefetch64-sse (6950.000 MB/sec)
[   30.799737] async_tx: api initialized (async)
done.
Begin: Running /scripts/init-premount ... done.
Begin: Mounting root file system ... Begin: Running /scripts/local-top ... done.
Begin: Running /scripts/local-premount ... [   31.382401] Btrfs loaded, crc32c=crc32c-intel
Scanning for Btrfs filesystems
done.
Warning: fsck not present, so sk[   31.456955] EXT4-fs (sda1): mounted filesystem with ordered data mode. Opts: (null)
ipping root file system
done.
Begin: Running /scripts/local-bottom ... done.
Begin: Running /scripts/init-bottom ... done.
[   33.324788] ip_tables: (C) 2000-2006 Netfilter Core Team
[   33.743986] systemd[1]: systemd 237 running in system mode. (+PAM +AUDIT +SELINUX +IMA +APPARMOR +SMACK +SYSVINIT +UTMP +LIBCRYPTSETUP +GCRYPT +GNUTLS +ACL +XZ +LZ4 +SECCOMP +BLKID +ELFUTILS +KMOD -IDN2 +IDN -PCRE2 default-hierarchy=hybrid)
[   34.393405] systemd[1]: Detected virtualization oracle.
[   34.419126] systemd[1]: Detected architecture x86-64.

Welcome to [1mUbuntu 18.04.1 LTS[0m!

[   34.468047] systemd[1]: Set hostname to <node2>.
[   35.477720] random: crng init done
[   35.828444] random: 7 urandom warning(s) missed due to ratelimiting
[   37.571760] systemd[1]: Set up automount Arbitrary Executable File Formats File System Automount Point.
[[0;32m  OK  [0m] Set up automount Arbitrary Executab…rmats File System Automount Point.
[   38.277880] systemd[1]: Reached target System Time Synchronized.
[[0;32m  OK  [0m] Reached target System Time Synchronized.
[   38.294235] systemd[1]: Created slice User and Session Slice.
[[0;32m  OK  [0m] Created slice User and Session Slice.
[   38.318299] systemd[1]: Created slice System Slice.
[[0;32m  OK  [0m] Created slice System Slice.
[   39.160815] systemd[1]: Listening on Journal Audit Socket.
[[0;32m  OK  [0m] Listening on Journal Audit Socket.
[   39.187944] systemd[1]: Listening on LVM2 poll daemon socket.
[[0;32m  OK  [0m] Listening on LVM2 poll daemon socket.
[   39.214213] systemd[1]: Started Forward Password Requests to Wall Directory Watch.
[[0;32m  OK  [0m] Started Forward Password Requests to Wall Directory Watch.
[   39.624551] systemd[1]: Listening on Journal Socket.
[[0;32m  OK  [0m] Listening on Journal Socket.
[   39.950757] systemd[1]: Mounting Huge Pages File System...
         Mounting Huge Pages File System...
[   40.150426] systemd[1]: Starting Remount Root and Kernel File Systems...
         Starting Remount Root and Kernel File Systems...
[   40.267846] systemd[1]: Mounting Kernel Debug File System...
         Mounting Kernel Debug File System...
[   40.273725] systemd[1]: Mounting POSIX Message Queue File System...
         Mounting POSIX Message Queue File System...
[   40.412653] systemd[1]: Starting Uncomplicated firewall...
         Starting Uncomplicated firewall...
[   40.469423] systemd[1]: Starting Load Kernel Modules...
         Starting Load Kernel Modules...
[[0;32m  OK  [0m] Reached target User and Group Name Lookups.
[[0;32m  OK  [0m] Listening on Device-mapper event daemon FIFOs.
[[0;32m  OK  [0m] Listening on udev Kernel Socket.
[[0;32m  OK  [0m] Listening on Journal Socket (/dev/log).
[[0;32m  OK  [0m] Listening on Syslog Socket.
         Starting Journal Service...
[[0;32m  OK  [0m] Listening on Network Service Netlink Socket.
[[0;32m  OK  [0m] Listening on /dev/initctl Compatibility Named Pipe.
[[0;32m  OK  [0m] Reached target Slices.
[[0;32m  OK  [0m] Created slice system-serial\x2dgetty.slice.
[   40.589137] Loading iSCSI transport class v2.0-870.
[[0;32m  OK  [0m] Listening on udev Control Socket.
         Starting udev Coldplug all Devices...
         Starting Create list of required st…ce nodes for the current kernel...
[[0;32m  OK  [0m] Listening on LVM2 metadata daemon socket.
         Starting Monitoring of LVM2 mirrors…ng dmeventd or progress polling...
         Starting Set the console keyboard layout...
[[0;32m  OK  [0m] Reached target Swap.
[[0;32m  OK  [0m] Started Journal Service.
[[0;32m  OK  [0m] Started Uncomplicated firewall.
[   40.773648] iscsi: registered transport (tcp)
[[0;32m  OK  [0m] Started udev Coldplug all Devices.
[[0;32m  OK  [0m] Started Create list of required sta…vice nodes for the current kernel.
         Starting Create Static Device Nodes in /dev...
[[0;32m  OK  [0m] Started Create Static Device Nodes in /dev.
[   41.811434] iscsi: registered transport (iser)
[[0;32m  OK  [0m] Started Load Kernel Modules.
[[0;32m  OK  [0m] Mounted Huge[   42.377077] EXT4-fs (sda1): re-mounted. Opts: (null)
 Pages File System.
[[0;32m  OK  [0m] Started Remount Root and Kernel File Systems.
[[0;32m  OK  [0m] Mounted Kernel Debug File System.
[[0;32m  OK  [0m] Mounted POSIX Message Queue File System.
[[0;32m  OK  [0m] Started Set the console keyboard layout.
[[0;32m  OK  [0m] Started LVM2 metadata daemon.
         Starting udev Kernel Device Manager...
         Starting Initial cloud-init job (pre-networking)...
         Starting Flush Journal to Persistent Storage...
         Starting Load/Save Random Seed...
         Mounting FUSE Control File System...
         Mounting Kernel Configuration File System...
         Starting Apply Kernel Variables...
[[0;32m  OK  [0m] Started Monitoring of LVM2 mirrors,…sing dmeventd or progress polling.
[[0;32m  OK  [0m] Mounted FUSE Control File System.
[[0;32m  OK  [0m] Mounted Kernel Configuration File System.
[[0;32m  OK  [0m] Reached target Local File Systems (Pre).
[[0;32m  OK  [0m] Reached target Local File Systems.
         Starting ebtables ruleset management...
         Starting AppArmor initialization...
         Starting Set console font and keymap...
         Starting Tell Plymouth To Write Out Runtime Data...
[   43.260701] systemd-journald[382]: Received request to flush runtime journal from PID 1
[[0;32m  OK  [0m] Started Load/Save Random Seed.
[[0;32m  OK  [0m] Started udev Kernel Device Manager.
[[0;32m  OK  [0m] Started Dispatch Password Requests to Console Directory Watch.
[[0;32m  OK  [0m] Reached target Local Encrypted Volumes.
[[0;32m  OK  [0m] Started Set console font and keymap.
[[0;32m  OK  [0m] Started Apply Kernel Variables.
[[0;32m  OK  [0m] Started Tell Plymouth To Write Out Runtime Data.
[[0;32m  OK  [0m] Found device /dev/ttyS0.
[[0;32m  OK  [0m] Started Flush Journal to Persistent Storage.
[[0;32m  OK  [0m] Started ebtables ruleset management.
[[0;32m  OK  [0m] Listening on Load/Save RF Kill Switch Status /dev/rfkill Watch.
         Starting Create Volatile Files and Directories...
[[0;32m  OK  [0m] Started Create Volatile Files and Directories.
         Starting Update UTMP about System Boot/Shutdown...
[[0;32m  OK  [0m] Started Update UTMP about System Boot/Shutdown.
[[0;32m  OK  [0m] Started AppArmor initialization.
[   49.323417] cloud-init[402]: Cloud-init v. 18.4-0ubuntu1~18.04.1 running 'init-local' at Sun, 20 Jan 2019 15:10:42 +0000. Up 48.80 seconds.
[[0;32m  OK  [0m] Started Initial cloud-init job (pre-networking).
[[0;32m  OK  [0m] Reached target Network (Pre).
         Starting Network Service...
[[0;32m  OK  [0m] Started Network Service.
         Starting Wait for Network to be Configured...
         Starting Network Name Resolution...
[[0;32m  OK  [0m] Started Network Name Resolution.
[[0;32m  OK  [0m] Reached target Host and Network Name Lookups.
[[0;32m  OK  [0m] Reached target Network.
[[0;32m  OK  [0m] Started Wait for Network to be Configured.
         Starting Initial cloud-init job (metadata service crawler)...
[   52.972038] cloud-init[667]: Cloud-init v. 18.4-0ubuntu1~18.04.1 running 'init' at Sun, 20 Jan 2019 15:10:46 +0000. Up 52.09 seconds.
[[0;32m  OK  [0m[   53.139777] ] cloud-initStarted Initial cloud-init job (metadata service crawler).[667]: 
ci-info: ++++++++++++++++++++++++++++++++++++++Net device info+++++++++++++++++++++++++++++++++++++++
[[   53.204508] cloud-init[667]: ci-info: +--------+------+-----------------------------+---------------+--------+-------------------+
[   53.204942] cloud-init[667]: ci-info: | Device |  Up  |           Address           |      Mask     | Scope  |     Hw-Address    |
[0;32m  OK  [0m] Reached target Network is Online.
[   53.205226] cloud-init[667]: ci-info: +--------+------+-----------------------------+---------------+--------+-------------------+
[   53.356495] cloud-init[667]: ci-info: | enp0s3 | True |          10.0.2.15          | 255.255.255.0 | global | 02:37:44:80:7e:2c |
         [   53.372194] cloud-init[667]: ci-info: | enp0s3 | True |  fe80::37:44ff:fe80:7e2c/64 |       .       |  link  | 02:37:44:80:7e:2c |
[   53.372761] cloud-init[667]: ci-info: | enp0s8 | True |        10.100.198.202       | 255.255.255.0 | global | 08:00:27:1e:17:82 |
[   53.374056] cloud-init[667]: ci-info: | enp0s8 | True | fe80::a00:27ff:fe1e:1782/64 |       .       |  link  | 08:00:27:1e:17:82 |
[   53.375300] cloud-init[667]: ci-info: |   lo   | True |          127.0.0.1          |   255.0.0.0   |  host  |         .         |
Starting Availability of block devices...
[   53.376826] cloud-init[667]: ci-info: |   lo   | True |           ::1/128           |       .       |  host  |         .         |
[[0;32m  OK  [0m] Reached target Remote File Systems (Pre).
[   53.637088] cloud-init[667]: ci-info: +--------+------+-----------------------------+---------------+--------+-------------------+
[   53.649091] cloud-init[667]: ci-info: +++++++++++++++++++++++++++++Route IPv4 info+++++++++++++++++++++++++++++
[   53.650869] cloud-init[667]: ci-info: +-------+--------------+----------+-----------------+-----------+-------+
[   53.653623] cloud-init[667]: ci-info: | Route | Destination  | Gateway  |     Genmask     | Interface | Flags |
[   53.654850] cloud-init[667]: ci-info: +-------+--------------+----------+-----------------+-----------+-------+
[   53.657519] cloud-init[667]: ci-info: |   0   |   0.0.0.0    | 10.0.2.2 |     0.0.0.0     |   enp0s3  |   UG  |
[   53.659300] cloud-init[667]: ci-info: |   1   |   10.0.2.0   | 0.0.0.0  |  255.255.255.0  |   enp0s3  |   U   |
[   53.661570] cloud-init[667]: ci-info: |   2   |   10.0.2.2   | 0.0.0.0  | 255.255.255.255 |   enp0s3  |   UH  |
[   53.662864] cloud-init[667]: ci-info: |   3   | 10.100.198.0 | 0.0.0.0  |  255.255.255.0  |   enp0s8  |   U   |
[   53.665105] cloud-init[667]: ci-info: +-------+--------------+----------+-----------------+-----------+-------+
[   53.666421] cloud-init[667]: ci-info: +++++++++++++++++++Route IPv6 info+++++++++++++++++++
[   53.669967] cloud-init[667]: ci-info: +-------+-------------+---------+-----------+-------+
[   53.671758] cloud-init[667]: ci-info: | Route | Destination | Gateway | Interface | Flags |
[   53.673602] cloud-init[667]: ci-info: +-------+-------------+---------+-----------+-------+
[   53.675364] cloud-init[667]: ci-info: |   1   |  fe80::/64  |    ::   |   enp0s8  |   U   |
[   53.677576] cloud-init[667]: ci-info: |   2   |  fe80::/64  |    ::   |   enp0s3  |   U   |
[[0;32m  OK  [0m] Reached target Remote File Systems.
[[   53.678076] cloud-init[667]: ci-info: |   4   |    local    |    ::   |   enp0s3  |   U   |
[   53.701073] cloud-init[667]: ci-info: |   5   |    local    |    ::   |   enp0s8  |   U   |
[   53.702392] cloud-init[667]: ci-info: |   6   |   ff00::/8  |    ::   |   enp0s8  |   U   |
[   53.703684] cloud-init[667]: ci-info: |   7   |   ff00::/8  |    ::   |   enp0s3  |   U   |
[   53.705930] cloud-init[667]: ci-info: +-------+-------------+---------+-----------+-------+
[0;32m  OK  [0m] Reached target System Initialization.
[[0;32m  OK  [0m] Listening on ACPID Listen Socket.
[[0;32m  OK  [0m] Listening on D-Bus System Message Bus Socket.
[[0;32m  OK  [0m] Started Daily apt download activities.
         Starting LXD - unix socket.
[[0;32m  OK  [0m] Started Daily Cleanup of Temporary Directories.
[[0;32m  OK  [0m] Started Discard unused blocks once a week.
[[0;32m  OK  [0m] Started ACPI Events Check.
[[0;32m  OK  [0m] Reached target Paths.
[[0;32m  OK  [0m] Started Message of the Day.
[[0;32m  OK  [0m] Started Daily apt upgrade and clean activities.
[[0;32m  OK  [0m] Reached target Timers.
         Starting Socket activation for snappy daemon.
[[0;32m  OK  [0m] Listening on Open-iSCSI iscsid Socket.
[[0;32m  OK  [0m] Listening on UUID daemon activation socket.
[[0;32m  OK  [0m] Reached target Cloud-config availability.
[[0;32m  OK  [0m] Started Availability of block devices.
[[0;32m  OK  [0m] Listening on LXD - unix socket.
[[0;32m  OK  [0m] Listening on Socket activation for snappy daemon.
[[0;32m  OK  [0m] Reached target Sockets.
[[0;32m  OK  [0m] Reached target Basic System.
[[0;32m  OK  [0m] Started Deferred execution scheduler.
         Starting LSB: Record successful boot for GRUB...
[[0;32m  OK  [0m] Started D-Bus System Message Bus.
[[0;32m  OK  [0m] Started irqbalance daemon.
[[0;32m  OK  [0m] Started Unattended Upgrades Shutdown.
         Starting Accounts Service...
         Starting Virtualbox guest utils...
         Starting System Logging Service...
[[0;32m  OK  [0m] Started FUSE filesystem for LXC.
         Starting OpenBSD Secure Shell server...
         Starting Snappy daemon...
         Starting LSB: automatic crash report generation...
         Starting Dispatcher daemon for systemd-networkd...
         Starting Login Service...
[[0;32m  OK  [0m] Started Regular background program processing daemon.
         Starting Permit User Sessions...
         Starting LXD - container startup/shutdown...
[[0;32m  OK  [0m] Started System Logging Service.
[[0;32m  OK  [0m] Started Permit User Sessions.
[[0;32m  OK  [0m] Started OpenBSD Secure Shell server.
[[0;32m  OK  [0m] Started Login Service.
         Starting Hold until boot process finishes up...
         Starting Terminate Plymouth Boot Screen...
         Starting Authorization Manager...
[[0;32m  OK  [0m] Started Hold until boot process finishes up.
[[0;32m  OK  [0m] Started Terminate Plymouth Boot Screen.
[[0;32m  OK  [0m] Started Serial Getty on ttyS0.
         Starting Set console scheme...
[[0;32m  OK  [0m] Started LSB: automatic crash report generation.
[[0;32m  OK  [0m] Started LSB: Record successful boot for GRUB.
[[0;32m  OK  [0m] Started Set console scheme.
[[0;32m  OK  [0m] Created slice system-getty.slice.
[[0;32m  OK  [0m] Started Getty on tty1.
[[0;32m  OK  [0m] Reached target Login Prompts.
[[0;32m  OK  [0m] Started Virtualbox guest utils.
[[0;32m  OK  [0m] Started Authorization Manager.
[[0;32m  OK  [0m] Started Accounts Service.
[[0;32m  OK  [0m] Created slice User Slice of vagrant.
[[0;32m  OK  [0m] Started Dispatcher daemon for systemd-networkd.
[[0;32m  OK  [0m] Started Snappy daemon.
[[0;32m  OK  [0m] Started Session 1 of user vagrant.
         Starting Wait until snapd is fully seeded...
         Starting User Manager for UID 1000...
[[0;32m  OK  [0m] Started Wait until snapd is fully seeded.
         Starting Apply the settings specified in cloud-config...
[[0;32m  OK  [0m] Started LXD - container startup/shutdown.
[[0;32m  OK  [0m] Started User Manager for UID 1000.
[[0;32m  OK  [0m] Reached target Multi-User System.
[[0;32m  OK  [0m] Reached target Graphical Interface.
         Starting Update UTMP about System Runlevel Changes...
[[0;32m  OK  [0m] Started Update UTMP about System Runlevel Changes.
[   58.990138] cloud-init[1209]: Cloud-init v. 18.4-0ubuntu1~18.04.1 running 'modules:config' at Sun, 20 Jan 2019 15:10:52 +0000. Up 58.70 seconds.
[[0;32m  OK  [0m] Started Apply the settings specified in cloud-config.
         Starting Execute cloud user/final scripts...
[   60.290028] cloud-init[1312]: Cloud-init v. 18.4-0ubuntu1~18.04.1 running 'modules:final' at Sun, 20 Jan 2019 15:10:54 +0000. Up 60.09 seconds.
[   60.432375] [cloud-init[0;32m  OK  [0m[1312]: ] Cloud-init v. 18.4-0ubuntu1~18.04.1 finished at Sun, 20 Jan 2019 15:10:54 +0000. Datasource DataSourceNoCloud [seed=/dev/sdb][dsmode=net].  Up 60.27 secondsStarted Execute cloud user/final scripts.

[[0;32m  OK  [0m] Reached target Cloud-init target.

Ubuntu 18.04.1 LTS node2 ttyS0

node2 login: 